This is pdfTeX, Version 3.14159265-2.6-1.40.17 (TeX Live 2016) (preloaded format=pdflatex 2017.1.9)  28 MAY 2017 23:18
entering extended mode
 restricted \write18 enabled.
 %&-line parsing enabled.
**skripsi.tex
(./skripsi.tex
LaTeX2e <2016/03/31>
Babel <3.9r> and hyphenation patterns for 83 language(s) loaded.
(/usr/local/texlive/2016/texmf-dist/tex/latex/base/report.cls
Document Class: report 2014/09/29 v1.4h Standard LaTeX document class
(/usr/local/texlive/2016/texmf-dist/tex/latex/base/size12.clo
File: size12.clo 2014/09/29 v1.4h Standard LaTeX file (size option)
)
\c@part=\count79
\c@chapter=\count80
\c@section=\count81
\c@subsection=\count82
\c@subsubsection=\count83
\c@paragraph=\count84
\c@subparagraph=\count85
\c@figure=\count86
\c@table=\count87
\abovecaptionskip=\skip41
\belowcaptionskip=\skip42
\bibindent=\dimen102
)
(/usr/local/texlive/2016/texmf-dist/tex/latex/arabtex/arabtex.sty
(/usr/local/texlive/2016/texmf-dist/tex/latex/arabtex/aconfig.sty
LaTeX2e detected 
BABEL detected
\a@moduledate=\count88
\a@maindate=\count89
)
(/usr/local/texlive/2016/texmf-dist/tex/latex/arabtex/arabaux.sty)
(/usr/local/texlive/2016/texmf-dist/tex/latex/arabtex/acmd.sty)
(/usr/local/texlive/2016/texmf-dist/tex/latex/arabtex/afonts.sty
(/usr/local/texlive/2016/texmf-dist/tex/latex/arabtex/afonts2.sty))
(/usr/local/texlive/2016/texmf-dist/tex/latex/arabtex/ascan.sty
(ArabTeX) scanner for code `arabtex' installed.
(ArabTeX) input encoding set to ArabTeX standard conventions.)
(/usr/local/texlive/2016/texmf-dist/tex/latex/arabtex/aparse.sty)
(/usr/local/texlive/2016/texmf-dist/tex/latex/arabtex/awrite.sty
(/usr/local/texlive/2016/texmf-dist/tex/latex/arabtex/xarbsymb.sty)
(/usr/local/texlive/2016/texmf-dist/tex/latex/arabtex/arabskel.sty)
(/usr/local/texlive/2016/texmf-dist/tex/latex/arabtex/xarbskel.sty)
(/usr/local/texlive/2016/texmf-dist/tex/latex/arabtex/aboxes.sty)
(/usr/local/texlive/2016/texmf-dist/tex/latex/arabtex/arabtoks.sty)
(/usr/local/texlive/2016/texmf-dist/tex/latex/arabtex/arabchrs.sty))
(/usr/local/texlive/2016/texmf-dist/tex/latex/arabtex/aligs.sty)
(/usr/local/texlive/2016/texmf-dist/tex/latex/arabtex/aoutput.sty)
(/usr/local/texlive/2016/texmf-dist/tex/latex/arabtex/abidir.sty)
(/usr/local/texlive/2016/texmf-dist/tex/latex/arabtex/atrans.sty
(ArabTeX) ZDMG transliteration.)
(/usr/local/texlive/2016/texmf-dist/tex/latex/arabtex/alatex.sty
(/usr/local/texlive/2016/texmf-dist/tex/latex/arabtex/afoot.sty))
(/usr/local/texlive/2016/texmf-dist/tex/latex/arabtex/abjad.sty)
(/usr/local/texlive/2016/texmf-dist/tex/latex/arabtex/apatch.sty
(/usr/local/texlive/2016/texmf-dist/tex/latex/arabtex/alists.sty)
(/usr/local/texlive/2016/texmf-dist/tex/latex/arabtex/asect.sty)
(/usr/local/texlive/2016/texmf-dist/tex/latex/arabtex/atabg.sty)
(/usr/local/texlive/2016/texmf-dist/tex/latex/arabtex/alocal.sty
(ArabTeX) 3.11 local stub, 26.02.2006))
Arabic processor `ArabTeX' [20060702 patch level 3.11s (02.07.2006)]
(ArabTeX) ... now be patient ... )
(/usr/local/texlive/2016/texmf-dist/tex/latex/arabtex/utf8.sty
(/usr/local/texlive/2016/texmf-dist/tex/latex/arabtex/utfcode.sty
Package: utfcode 2002/03/07  3.10a Arabic+Hebrew segment of UTF-8
\u@lb=\count119
\u@lq=\count120
)
Package: utf8 2000/06/13  3.10 UTF-8 input encoding 

(ArabTeX) scanner for code UTF-8 installed.)
(ArabTeX) input encoding set to UTF-8 conventions
(/usr/local/texlive/2016/texmf-dist/tex/latex/amsmath/amsmath.sty
Package: amsmath 2016/03/10 v2.15b AMS math features
\@mathmargin=\skip45

For additional information on amsmath, use the `?' option.
(/usr/local/texlive/2016/texmf-dist/tex/latex/amsmath/amstext.sty
Package: amstext 2000/06/29 v2.01 AMS text

(/usr/local/texlive/2016/texmf-dist/tex/latex/amsmath/amsgen.sty
File: amsgen.sty 1999/11/30 v2.0 generic functions
\@emptytoks=\toks34
\ex@=\dimen125
))
(/usr/local/texlive/2016/texmf-dist/tex/latex/amsmath/amsbsy.sty
Package: amsbsy 1999/11/29 v1.2d Bold Symbols
\pmbraise@=\dimen126
)
(/usr/local/texlive/2016/texmf-dist/tex/latex/amsmath/amsopn.sty
Package: amsopn 2016/03/08 v2.02 operator names
)
\inf@bad=\count121
LaTeX Info: Redefining \frac on input line 199.
\uproot@=\count122
\leftroot@=\count123
LaTeX Info: Redefining \overline on input line 297.
\classnum@=\count124
\DOTSCASE@=\count125
LaTeX Info: Redefining \ldots on input line 394.
LaTeX Info: Redefining \dots on input line 397.
LaTeX Info: Redefining \cdots on input line 518.
\Mathstrutbox@=\box41
\strutbox@=\box42
\big@size=\dimen127
LaTeX Font Info:    Redeclaring font encoding OML on input line 634.
LaTeX Font Info:    Redeclaring font encoding OMS on input line 635.
\macc@depth=\count126
\c@MaxMatrixCols=\count127
\dotsspace@=\muskip10
\c@parentequation=\count128
\dspbrk@lvl=\count129
\tag@help=\toks35
\row@=\count130
\column@=\count131
\maxfields@=\count132
\andhelp@=\toks36
\eqnshift@=\dimen128
\alignsep@=\dimen129
\tagshift@=\dimen130
\tagwidth@=\dimen131
\totwidth@=\dimen132
\lineht@=\dimen133
\@envbody=\toks37
\multlinegap=\skip46
\multlinetaggap=\skip47
\mathdisplay@stack=\toks38
LaTeX Info: Redefining \[ on input line 2739.
LaTeX Info: Redefining \] on input line 2740.
)
(/usr/local/texlive/2016/texmf-dist/tex/latex/amsfonts/amssymb.sty
Package: amssymb 2013/01/14 v3.01 AMS font symbols

(/usr/local/texlive/2016/texmf-dist/tex/latex/amsfonts/amsfonts.sty
Package: amsfonts 2013/01/14 v3.01 Basic AMSFonts support
\symAMSa=\mathgroup4
\symAMSb=\mathgroup5
LaTeX Font Info:    Overwriting math alphabet `\mathfrak' in version `bold'
(Font)                  U/euf/m/n --> U/euf/b/n on input line 106.
))
(/usr/local/texlive/2016/texmf-dist/tex/latex/enumitem/enumitem.sty
Package: enumitem 2011/09/28 v3.5.2 Customized lists
\enitkv@toks@=\toks39
\labelindent=\skip48
\enit@outerparindent=\dimen134
\enit@toks=\toks40
\enit@inbox=\box43
\enitdp@description=\count133
)
(/usr/local/texlive/2016/texmf-dist/tex/latex/natbib/natbib.sty
Package: natbib 2010/09/13 8.31b (PWD, AO)
\bibhang=\skip49
\bibsep=\skip50
LaTeX Info: Redefining \cite on input line 694.
\c@NAT@ctr=\count134
)
(./uithesis.sty (./tocbibind.sty
Package: tocbibind 2010/10/13 v1.5k extra ToC listings
Package tocbibind Info: The document has chapter divisions on input line 50.


Package tocbibind Note: Using chapter style headings, unless overridden.

) (/usr/local/texlive/2016/texmf-dist/tex/latex/url/url.sty
\Urlmuskip=\muskip11
Package: url 2013/09/16  ver 3.4  Verb mode for urls, etc.
) (./multirow.sty
\bigstrutjot=\dimen135
)
(/usr/local/texlive/2016/texmf-dist/tex/latex/graphics/graphicx.sty
Package: graphicx 2014/10/28 v1.0g Enhanced LaTeX Graphics (DPC,SPQR)

(/usr/local/texlive/2016/texmf-dist/tex/latex/graphics/keyval.sty
Package: keyval 2014/10/28 v1.15 key=value parser (DPC)
\KV@toks@=\toks41
)
(/usr/local/texlive/2016/texmf-dist/tex/latex/graphics/graphics.sty
Package: graphics 2016/05/09 v1.0r Standard LaTeX Graphics (DPC,SPQR)

(/usr/local/texlive/2016/texmf-dist/tex/latex/graphics/trig.sty
Package: trig 2016/01/03 v1.10 sin cos tan (DPC)
)
(/usr/local/texlive/2016/texmf-dist/tex/latex/graphics-cfg/graphics.cfg
File: graphics.cfg 2016/01/02 v1.10 sample graphics configuration
)
Package graphics Info: Driver file: pdftex.def on input line 96.

(/usr/local/texlive/2016/texmf-dist/tex/latex/pdftex-def/pdftex.def
File: pdftex.def 2011/05/27 v0.06d Graphics/color for pdfTeX

(/usr/local/texlive/2016/texmf-dist/tex/generic/oberdiek/infwarerr.sty
Package: infwarerr 2016/05/16 v1.4 Providing info/warning/error messages (HO)
)
(/usr/local/texlive/2016/texmf-dist/tex/generic/oberdiek/ltxcmds.sty
Package: ltxcmds 2016/05/16 v1.23 LaTeX kernel commands for general use (HO)
)
\Gread@gobject=\count135
))
\Gin@req@height=\dimen136
\Gin@req@width=\dimen137
)
(/usr/local/texlive/2016/texmf-dist/tex/latex/setspace/setspace.sty
Package: setspace 2011/12/19 v6.7a set line spacing
)
(/usr/local/texlive/2016/texmf-dist/tex/latex/geometry/geometry.sty
Package: geometry 2010/09/12 v5.6 Page Geometry

(/usr/local/texlive/2016/texmf-dist/tex/generic/oberdiek/ifpdf.sty
Package: ifpdf 2016/05/14 v3.1 Provides the ifpdf switch
)
(/usr/local/texlive/2016/texmf-dist/tex/generic/oberdiek/ifvtex.sty
Package: ifvtex 2016/05/16 v1.6 Detect VTeX and its facilities (HO)
Package ifvtex Info: VTeX not detected.
)
(/usr/local/texlive/2016/texmf-dist/tex/generic/ifxetex/ifxetex.sty
Package: ifxetex 2010/09/12 v0.6 Provides ifxetex conditional
)
\Gm@cnth=\count136
\Gm@cntv=\count137
\c@Gm@tempcnt=\count138
\Gm@bindingoffset=\dimen138
\Gm@wd@mp=\dimen139
\Gm@odd@mp=\dimen140
\Gm@even@mp=\dimen141
\Gm@layoutwidth=\dimen142
\Gm@layoutheight=\dimen143
\Gm@layouthoffset=\dimen144
\Gm@layoutvoffset=\dimen145
\Gm@dimlist=\toks42
)
(/usr/local/texlive/2016/texmf-dist/tex/latex/caption/caption.sty
Package: caption 2016/02/21 v3.3-144 Customizing captions (AR)

(/usr/local/texlive/2016/texmf-dist/tex/latex/caption/caption3.sty
Package: caption3 2016/02/04 v1.7-139 caption3 kernel (AR)
Package caption3 Info: Fixing ArabTeX on input line 50.
Package caption3 Info: TeX engine: e-TeX on input line 67.
\captionmargin=\dimen146
\captionmargin@=\dimen147
\captionwidth=\dimen148
\caption@tempdima=\dimen149
\caption@indent=\dimen150
\caption@parindent=\dimen151
\caption@hangindent=\dimen152
)
\c@ContinuedFloat=\count139
)
(/usr/local/texlive/2016/texmf-dist/tex/latex/subfloat/subfloat.sty
Package: subfloat 2003/08/21 version 2.14

Package `subfloat', Version 2.14 of 2003/08/21.

Package subfloat Warning: Numbers of floats not counted:
(subfloat)                If you use one of the counters subfloatfiguremax or
(subfloat)                subfloattablemax you will get strange error messages
(subfloat)                containing \c@subfloatfiguremax or
(subfloat)                \c@subfloattablemax:
(subfloat)                Please switch on countmax or remove the code using
(subfloat)                the counter then..

) (/usr/local/texlive/2016/texmf-dist/tex/latex/pslatex/pslatex.sty
Package: pslatex 1996/07/24 v1.2 pslatex emulation (DPC)
LaTeX Font Info:    Redeclaring symbol font `operators' on input line 65.
LaTeX Font Info:    Overwriting symbol font `operators' in version `normal'
(Font)                  OT1/cmr/m/n --> OT1/ptmcm/m/n on input line 65.
LaTeX Font Info:    Overwriting symbol font `operators' in version `bold'
(Font)                  OT1/cmr/bx/n --> OT1/ptmcm/m/n on input line 65.
LaTeX Font Info:    Redeclaring symbol font `letters' on input line 66.
LaTeX Font Info:    Overwriting symbol font `letters' in version `normal'
(Font)                  OML/cmm/m/it --> OML/ptmcm/m/it on input line 66.
LaTeX Font Info:    Overwriting symbol font `letters' in version `bold'
(Font)                  OML/cmm/b/it --> OML/ptmcm/m/it on input line 66.
LaTeX Font Info:    Redeclaring symbol font `symbols' on input line 67.
LaTeX Font Info:    Overwriting symbol font `symbols' in version `normal'
(Font)                  OMS/cmsy/m/n --> OMS/pzccm/m/n on input line 67.
LaTeX Font Info:    Overwriting symbol font `symbols' in version `bold'
(Font)                  OMS/cmsy/b/n --> OMS/pzccm/m/n on input line 67.
LaTeX Font Info:    Redeclaring symbol font `largesymbols' on input line 68.
LaTeX Font Info:    Overwriting symbol font `largesymbols' in version `normal'
(Font)                  OMX/cmex/m/n --> OMX/psycm/m/n on input line 68.
LaTeX Font Info:    Overwriting symbol font `largesymbols' in version `bold'
(Font)                  OMX/cmex/m/n --> OMX/psycm/m/n on input line 68.
\symbold=\mathgroup6
\symitalic=\mathgroup7
LaTeX Font Info:    Redeclaring math alphabet \mathbf on input line 74.
LaTeX Font Info:    Overwriting math alphabet `\mathbf' in version `normal'
(Font)                  OT1/cmr/bx/n --> OT1/ptm/bx/n on input line 74.
LaTeX Font Info:    Overwriting math alphabet `\mathbf' in version `bold'
(Font)                  OT1/cmr/bx/n --> OT1/ptm/bx/n on input line 74.
LaTeX Font Info:    Redeclaring math alphabet \mathit on input line 75.
LaTeX Font Info:    Overwriting math alphabet `\mathit' in version `normal'
(Font)                  OT1/cmr/m/it --> OT1/ptm/m/it on input line 75.
LaTeX Font Info:    Overwriting math alphabet `\mathit' in version `bold'
(Font)                  OT1/cmr/bx/it --> OT1/ptm/m/it on input line 75.
)
(/usr/local/texlive/2016/texmf-dist/tex/latex/pdfpages/pdfpages.sty
Package: pdfpages 2016/04/19 v0.5f Insert pages of external PDF documents (AM)

(/usr/local/texlive/2016/texmf-dist/tex/latex/base/ifthen.sty
Package: ifthen 2014/09/29 v1.1c Standard LaTeX ifthen package (DPC)
)
(/usr/local/texlive/2016/texmf-dist/tex/latex/tools/calc.sty
Package: calc 2014/10/28 v4.3 Infix arithmetic (KKT,FJ)
\calc@Acount=\count140
\calc@Bcount=\count141
\calc@Adimen=\dimen153
\calc@Bdimen=\dimen154
\calc@Askip=\skip51
\calc@Bskip=\skip52
LaTeX Info: Redefining \setlength on input line 80.
LaTeX Info: Redefining \addtolength on input line 81.
\calc@Ccount=\count142
\calc@Cskip=\skip53
)
(/usr/local/texlive/2016/texmf-dist/tex/latex/eso-pic/eso-pic.sty
Package: eso-pic 2015/07/21 v2.0g eso-pic (RN)

(/usr/local/texlive/2016/texmf-dist/tex/generic/oberdiek/atbegshi.sty
Package: atbegshi 2016/05/16 v1.17 At begin shipout hook (HO)
)
(/usr/local/texlive/2016/texmf-dist/tex/latex/xcolor/xcolor.sty
Package: xcolor 2016/05/11 v2.12 LaTeX color extensions (UK)

(/usr/local/texlive/2016/texmf-dist/tex/latex/graphics-cfg/color.cfg
File: color.cfg 2016/01/02 v1.6 sample color configuration
)
Package xcolor Info: Driver file: pdftex.def on input line 225.
Package xcolor Info: Model `cmy' substituted by `cmy0' on input line 1348.
Package xcolor Info: Model `hsb' substituted by `rgb' on input line 1352.
Package xcolor Info: Model `RGB' extended on input line 1364.
Package xcolor Info: Model `HTML' substituted by `rgb' on input line 1366.
Package xcolor Info: Model `Hsb' substituted by `hsb' on input line 1367.
Package xcolor Info: Model `tHsb' substituted by `hsb' on input line 1368.
Package xcolor Info: Model `HSB' substituted by `hsb' on input line 1369.
Package xcolor Info: Model `Gray' substituted by `gray' on input line 1370.
Package xcolor Info: Model `wave' substituted by `hsb' on input line 1371.
))
\AM@pagewidth=\dimen155
\AM@pageheight=\dimen156

(/usr/local/texlive/2016/texmf-dist/tex/latex/pdfpages/pppdftex.def
File: pppdftex.def 2016/04/19 v0.5f Pdfpages driver for pdfTeX (AM)
)
\AM@pagebox=\box44
\AM@global@opts=\toks43
\AM@toc@title=\toks44
\c@AM@survey=\count143
\AM@templatesizebox=\box45
)
(./fncychap.sty
Package: fncychap 2007/07/30 v1.34 LaTeX package (Revised chapters)
\RW=\skip54
\mylen=\skip55
\myhi=\skip56
\px=\skip57
\py=\skip58
\pyy=\skip59
\pxx=\skip60
)
(/usr/local/texlive/2016/texmf-dist/tex/latex/colortbl/colortbl.sty
Package: colortbl 2012/02/13 v1.0a Color table columns (DPC)

(/usr/local/texlive/2016/texmf-dist/tex/latex/tools/array.sty
Package: array 2014/10/28 v2.4c Tabular extension package (FMi)
\col@sep=\dimen157
\extrarowheight=\dimen158
\NC@list=\toks45
\extratabsurround=\skip61
\backup@length=\skip62
)
\everycr=\toks46
\minrowclearance=\skip63
)
(/usr/local/texlive/2016/texmf-dist/tex/latex/float/float.sty
Package: float 2001/11/08 v1.3d Float enhancements (AL)
\c@float@type=\count144
\float@exts=\toks47
\float@box=\box46
\@float@everytoks=\toks48
\@floatcapt=\box47
) (./fontenc.sty
Package: fontenc 2005/09/27 v1.99g Standard LaTeX package

(/usr/local/texlive/2016/texmf-dist/tex/latex/base/t1enc.def
File: t1enc.def 2005/09/27 v1.99g Standard LaTeX file
LaTeX Font Info:    Redeclaring font encoding T1 on input line 48.
))
(/usr/local/texlive/2016/texmf-dist/tex/latex/fancyhdr/fancyhdr.sty
\fancy@headwidth=\skip64
\f@ncyO@elh=\skip65
\f@ncyO@erh=\skip66
\f@ncyO@olh=\skip67
\f@ncyO@orh=\skip68
\f@ncyO@elf=\skip69
\f@ncyO@erf=\skip70
\f@ncyO@olf=\skip71
\f@ncyO@orf=\skip72
)
(/usr/local/texlive/2016/texmf-dist/tex/latex/listings/listings.sty
\lst@mode=\count145
\lst@gtempboxa=\box48
\lst@token=\toks49
\lst@length=\count146
\lst@currlwidth=\dimen159
\lst@column=\count147
\lst@pos=\count148
\lst@lostspace=\dimen160
\lst@width=\dimen161
\lst@newlines=\count149
\lst@lineno=\count150
\lst@maxwidth=\dimen162

(/usr/local/texlive/2016/texmf-dist/tex/latex/listings/lstmisc.sty
File: lstmisc.sty 2015/06/04 1.6 (Carsten Heinz)
\c@lstnumber=\count151
\lst@skipnumbers=\count152
\lst@framebox=\box49
)
(/usr/local/texlive/2016/texmf-dist/tex/latex/listings/listings.cfg
File: listings.cfg 2015/06/04 1.6 listings configuration
))
Package: listings 2015/06/04 1.6 (Carsten Heinz)

(/usr/local/texlive/2016/texmf-dist/tex/latex/listings/lstlang1.sty
File: lstlang1.sty 2015/06/04 1.6 listings language file
)
(/usr/local/texlive/2016/texmf-dist/tex/latex/listings/lstmisc.sty
File: lstmisc.sty 2015/06/04 1.6 (Carsten Heinz)
)
(/usr/local/texlive/2016/texmf-dist/tex/latex/fancyvrb/fancyvrb.sty
Package: fancyvrb 2008/02/07

Style option: `fancyvrb' v2.7a, with DG/SPQR fixes, and firstline=lastline fix 
<2008/02/07> (tvz)
\FV@CodeLineNo=\count153
\FV@InFile=\read1
\FV@TabBox=\box50
\c@FancyVerbLine=\count154
\FV@StepNumber=\count155
\FV@OutFile=\write5
)
(/usr/local/texlive/2016/texmf-dist/tex/latex/tools/hhline.sty
Package: hhline 2014/10/28 v2.03 Table rule package (DPC)
)
(/usr/local/texlive/2016/texmf-dist/tex/latex/oberdiek/pdflscape.sty
Package: pdflscape 2016/05/14 v0.11 Display of landscape pages in PDF (HO)

(/usr/local/texlive/2016/texmf-dist/tex/latex/graphics/lscape.sty
Package: lscape 2000/10/22 v3.01 Landscape Pages (DPC)
)
Package pdflscape Info: Auto-detected driver: pdftex on input line 81.
)
(/usr/local/texlive/2016/texmf-dist/tex/latex/tools/longtable.sty
Package: longtable 2014/10/28 v4.11 Multi-page Table package (DPC)
\LTleft=\skip73
\LTright=\skip74
\LTpre=\skip75
\LTpost=\skip76
\LTchunksize=\count156
\LTcapwidth=\dimen163
\LT@head=\box51
\LT@firsthead=\box52
\LT@foot=\box53
\LT@lastfoot=\box54
\LT@cols=\count157
\LT@rows=\count158
\c@LT@tables=\count159
\c@LT@chunks=\count160
\LT@p@ftn=\toks50
)
(/usr/local/texlive/2016/texmf-dist/tex/latex/hyperref/hyperref.sty
Package: hyperref 2016/05/05 v6.83n Hypertext links for LaTeX

(/usr/local/texlive/2016/texmf-dist/tex/generic/oberdiek/hobsub-hyperref.sty
Package: hobsub-hyperref 2016/05/16 v1.14 Bundle oberdiek, subset hyperref (HO)


(/usr/local/texlive/2016/texmf-dist/tex/generic/oberdiek/hobsub-generic.sty
Package: hobsub-generic 2016/05/16 v1.14 Bundle oberdiek, subset generic (HO)
Package: hobsub 2016/05/16 v1.14 Construct package bundles (HO)
Package hobsub Info: Skipping package `infwarerr' (already loaded).
Package hobsub Info: Skipping package `ltxcmds' (already loaded).
Package: ifluatex 2016/05/16 v1.4 Provides the ifluatex switch (HO)
Package ifluatex Info: LuaTeX not detected.
Package hobsub Info: Skipping package `ifvtex' (already loaded).
Package: intcalc 2016/05/16 v1.2 Expandable calculations with integers (HO)
Package hobsub Info: Skipping package `ifpdf' (already loaded).
Package: etexcmds 2016/05/16 v1.6 Avoid name clashes with e-TeX commands (HO)
Package etexcmds Info: Could not find \expanded.
(etexcmds)             That can mean that you are not using pdfTeX 1.50 or
(etexcmds)             that some package has redefined \expanded.
(etexcmds)             In the latter case, load this package earlier.
Package: kvsetkeys 2016/05/16 v1.17 Key value parser (HO)
Package: kvdefinekeys 2016/05/16 v1.4 Define keys (HO)
Package: pdftexcmds 2016/05/10 v0.21 Utility functions of pdfTeX for LuaTeX (HO
)
Package pdftexcmds Info: LuaTeX not detected.
Package pdftexcmds Info: \pdf@primitive is available.
Package pdftexcmds Info: \pdf@ifprimitive is available.
Package pdftexcmds Info: \pdfdraftmode found.
Package: pdfescape 2016/05/16 v1.14 Implements pdfTeX's escape features (HO)
Package: bigintcalc 2016/05/16 v1.4 Expandable calculations on big integers (HO
)
Package: bitset 2016/05/16 v1.2 Handle bit-vector datatype (HO)
Package: uniquecounter 2016/05/16 v1.3 Provide unlimited unique counter (HO)
)
Package hobsub Info: Skipping package `hobsub' (already loaded).
Package: letltxmacro 2016/05/16 v1.5 Let assignment for LaTeX macros (HO)
Package: hopatch 2016/05/16 v1.3 Wrapper for package hooks (HO)
Package: xcolor-patch 2016/05/16 xcolor patch
Package: atveryend 2016/05/16 v1.9 Hooks at the very end of document (HO)
Package atveryend Info: \enddocument detected (standard20110627).
Package atveryend Info: \a@enddocument detected (standard20110627).
Package hobsub Info: Skipping package `atbegshi' (already loaded).
Package: refcount 2016/05/16 v3.5 Data extraction from label references (HO)
Package: hycolor 2016/05/16 v1.8 Color options for hyperref/bookmark (HO)
)
(/usr/local/texlive/2016/texmf-dist/tex/latex/oberdiek/auxhook.sty
Package: auxhook 2016/05/16 v1.4 Hooks for auxiliary files (HO)


Package auxhook Warning: Cannot patch \document,
(auxhook)                using \AtBeginDocument instead.

) (/usr/local/texlive/2016/texmf-dist/tex/latex/oberdiek/kvoptions.sty
Package: kvoptions 2016/05/16 v3.12 Key value format for package options (HO)
)
\@linkdim=\dimen164
\Hy@linkcounter=\count161
\Hy@pagecounter=\count162

(/usr/local/texlive/2016/texmf-dist/tex/latex/hyperref/pd1enc.def
File: pd1enc.def 2016/05/05 v6.83n Hyperref: PDFDocEncoding definition (HO)
)
\Hy@SavedSpaceFactor=\count163

(/usr/local/texlive/2016/texmf-dist/tex/latex/latexconfig/hyperref.cfg
File: hyperref.cfg 2002/06/06 v1.2 hyperref configuration of TeXLive
)
Package hyperref Info: Option `final' set `true' on input line 4322.
Package hyperref Info: Hyper figures OFF on input line 4446.
Package hyperref Info: Link nesting OFF on input line 4451.
Package hyperref Info: Hyper index ON on input line 4454.
Package hyperref Info: Plain pages OFF on input line 4461.
Package hyperref Info: Backreferencing OFF on input line 4466.
Package hyperref Info: Implicit mode ON; LaTeX internals redefined.
Package hyperref Info: Bookmarks ON on input line 4691.
\c@Hy@tempcnt=\count164
LaTeX Info: Redefining \url on input line 5044.
\XeTeXLinkMargin=\dimen165
\Fld@menulength=\count165
\Field@Width=\dimen166
\Fld@charsize=\dimen167
Package hyperref Info: Hyper figures OFF on input line 6298.
Package hyperref Info: Link nesting OFF on input line 6303.
Package hyperref Info: Hyper index ON on input line 6306.
Package hyperref Info: backreferencing OFF on input line 6313.
Package hyperref Info: Link coloring OFF on input line 6318.
Package hyperref Info: Link coloring with OCG OFF on input line 6323.
Package hyperref Info: PDF/A mode OFF on input line 6328.
LaTeX Info: Redefining \ref on input line 6368.
LaTeX Info: Redefining \pageref on input line 6372.
\Hy@abspage=\count166
\c@Item=\count167
\c@Hfootnote=\count168
)

Package hyperref Message: Driver (autodetected): hpdftex.

(/usr/local/texlive/2016/texmf-dist/tex/latex/hyperref/hpdftex.def
File: hpdftex.def 2016/05/05 v6.83n Hyperref driver for pdfTeX
\Fld@listcount=\count169
\c@bookmark@seq@number=\count170

(/usr/local/texlive/2016/texmf-dist/tex/latex/oberdiek/rerunfilecheck.sty
Package: rerunfilecheck 2016/05/16 v1.8 Rerun checks for auxiliary files (HO)
Package uniquecounter Info: New unique counter `rerunfilecheck' on input line 2
82.
)
\Hy@SectionHShift=\skip77
)
Package hyperref Info: Option `colorlinks' set `false' on input line 445.
Package hyperref Info: Option `bookmarksopen' set `false' on input line 445.
Package hyperref Info: Option `bookmarksnumbered' set `true' on input line 445.

)
(./laporan_setting.tex)
(/usr/local/texlive/2016/texmf-dist/tex/generic/babel/babel.sty
Package: babel 2016/04/23 3.9r The Babel package

(/usr/local/texlive/2016/texmf-dist/tex/generic/babel-bahasa/bahasai.ldf
Language: bahasa 2008/03/15 v1.0l Bahasa Indonesia support from the babel syste
m

(/usr/local/texlive/2016/texmf-dist/tex/generic/babel/babel.def
File: babel.def 2016/04/23 3.9r Babel common definitions
\babel@savecnt=\count171
\U@D=\dimen168
)))
(./hype.indonesia.tex) (./istilah.tex) (./skripsi.aux (./sampul.aux)
(./judul_dalam.aux) (./orisinal.aux) (./pengesahan_sidang.aux) (./pengantar.aux
) (./persetujuan_publikasi.aux) (./abstrak.aux) (./abstract.aux) (./bab1.aux)
(./bab2.aux) (./bab3.aux) (./bab4.aux) (./bab5.aux) (./bab6.aux))
\openout1 = `skripsi.aux'.

LaTeX Font Info:    Checking defaults for OML/cmm/m/it on input line 48.
LaTeX Font Info:    ... okay on input line 48.
LaTeX Font Info:    Checking defaults for T1/cmr/m/n on input line 48.
LaTeX Font Info:    ... okay on input line 48.
LaTeX Font Info:    Checking defaults for OT1/cmr/m/n on input line 48.
LaTeX Font Info:    ... okay on input line 48.
LaTeX Font Info:    Checking defaults for OMS/pzccm/m/n on input line 48.
LaTeX Font Info:    Try loading font information for OMS+pzccm on input line 48
.

(/usr/local/texlive/2016/texmf-dist/tex/latex/psnfss/omspzccm.fd
File: omspzccm.fd 2000/01/03 Fontinst v1.801 font definitions for OMS/pzccm.
)
LaTeX Font Info:    ... okay on input line 48.
LaTeX Font Info:    Checking defaults for OMX/cmex/m/n on input line 48.
LaTeX Font Info:    ... okay on input line 48.
LaTeX Font Info:    Checking defaults for U/cmr/m/n on input line 48.
LaTeX Font Info:    ... okay on input line 48.
LaTeX Font Info:    Checking defaults for PD1/pdf/m/n on input line 48.
LaTeX Font Info:    ... okay on input line 48.

(/usr/local/texlive/2016/texmf-dist/tex/context/base/mkii/supp-pdf.mkii
[Loading MPS to PDF converter (version 2006.09.02).]
\scratchcounter=\count172
\scratchdimen=\dimen169
\scratchbox=\box55
\nofMPsegments=\count173
\nofMParguments=\count174
\everyMPshowfont=\toks51
\MPscratchCnt=\count175
\MPscratchDim=\dimen170
\MPnumerator=\count176
\makeMPintoPDFobject=\count177
\everyMPtoPDFconversion=\toks52
) (/usr/local/texlive/2016/texmf-dist/tex/latex/oberdiek/epstopdf-base.sty
Package: epstopdf-base 2016/05/15 v2.6 Base part for package epstopdf

(/usr/local/texlive/2016/texmf-dist/tex/latex/oberdiek/grfext.sty
Package: grfext 2016/05/16 v1.2 Manage graphics extensions (HO)
)
Package grfext Info: Graphics extension search list:
(grfext)             [.png,.pdf,.jpg,.mps,.jpeg,.jbig2,.jb2,.PNG,.PDF,.JPG,.JPE
G,.JBIG2,.JB2,.eps]
(grfext)             \AppendGraphicsExtensions on input line 456.

(/usr/local/texlive/2016/texmf-dist/tex/latex/latexconfig/epstopdf-sys.cfg
File: epstopdf-sys.cfg 2010/07/13 v1.3 Configuration of (r)epstopdf for TeX Liv
e
))
*geometry* driver: auto-detecting
*geometry* detected driver: pdftex
*geometry* verbose mode - [ preamble ] result:
* driver: pdftex
* paper: a4paper
* layout: <same size as paper>
* layoutoffset:(h,v)=(0.0pt,0.0pt)
* modes: 
* h-part:(L,W,R)=(113.81102pt, 398.3386pt, 85.35826pt)
* v-part:(T,H,B)=(85.35826pt, 674.33032pt, 85.35826pt)
* \paperwidth=597.50787pt
* \paperheight=845.04684pt
* \textwidth=398.3386pt
* \textheight=674.33032pt
* \oddsidemargin=41.54103pt
* \evensidemargin=41.54103pt
* \topmargin=-11.91173pt
* \headheight=0.0pt
* \headsep=25.0pt
* \topskip=12.0pt
* \footskip=30.0pt
* \marginparwidth=35.0pt
* \marginparsep=10.0pt
* \columnsep=10.0pt
* \skip\footins=10.8pt plus 4.0pt minus 2.0pt
* \hoffset=0.0pt
* \voffset=0.0pt
* \mag=1000
* \@twocolumnfalse
* \@twosidefalse
* \@mparswitchfalse
* \@reversemarginfalse
* (1in=72.27pt=25.4mm, 1cm=28.453pt)

Package caption Info: Begin \AtBeginDocument code.
Package caption Info: float package is loaded.
Package caption Info: hyperref package is loaded.
Package caption Info: listings package is loaded.
Package caption Info: longtable package is loaded.
(/usr/local/texlive/2016/texmf-dist/tex/latex/caption/ltcaption.sty
Package: ltcaption 2013/06/09 v1.4-94 longtable captions (AR)
)
Package caption Info: End \AtBeginDocument code.
\AtBeginShipoutBox=\box56
\c@lstlisting=\count178
Package hyperref Info: Link coloring OFF on input line 48.

(/usr/local/texlive/2016/texmf-dist/tex/latex/hyperref/nameref.sty
Package: nameref 2012/10/27 v2.43 Cross-referencing by name of section

(/usr/local/texlive/2016/texmf-dist/tex/generic/oberdiek/gettitlestring.sty
Package: gettitlestring 2016/05/16 v1.5 Cleanup title references (HO)
)
\c@section@level=\count179
)
LaTeX Info: Redefining \ref on input line 48.
LaTeX Info: Redefining \pageref on input line 48.
LaTeX Info: Redefining \nameref on input line 48.

(./skripsi.out) (./skripsi.out)
\@outlinefile=\write6
\openout6 = `skripsi.out'.


(/usr/local/texlive/2016/texmf-dist/tex/latex/arabtex/apatch.sty
\a@lines=\count180
\a@Lwidth=\dimen171
\a@displaywidth=\dimen172

(/usr/local/texlive/2016/texmf-dist/tex/latex/arabtex/alocal.sty
(ArabTeX) 3.11 local stub, 26.02.2006)
(ArabTeX) version 3.11s (02.07.2006): second phase of patching)
\openout2 = `sampul.aux'.

 (./sampul.tex
<pics/makara.png, id=273, 154.86429pt x 154.34807pt>
File: pics/makara.png Graphic file (type png)
 <use pics/makara.png>
Package pdftex.def Info: pics/makara.png used on input line 15.
(pdftex.def)             Requested size: 71.13188pt x 70.89497pt.
LaTeX Font Info:    Font shape `T1/ptm/bx/n' in size <12> not available
(Font)              Font shape `T1/ptm/b/n' tried instead on input line 21.

[1


{/usr/local/texlive/2016/texmf-var/fonts/map/pdftex/updmap/pdftex.map} <./pics/
makara.png>])
\openout2 = `judul_dalam.aux'.

 (./judul_dalam.tex
File: pics/makara.png Graphic file (type png)
 <use pics/makara.png>
Package pdftex.def Info: pics/makara.png used on input line 13.
(pdftex.def)             Requested size: 71.13188pt x 70.89497pt.
 [1


])
\openout2 = `orisinal.aux'.

 (./orisinal.tex
LaTeX Font Info:    Font shape `T1/ptm/bx/n' in size <14.4> not available
(Font)              Font shape `T1/ptm/b/n' tried instead on input line 9.
LaTeX Font Info:    Try loading font information for OT1+ptmcm on input line 18
.

(/usr/local/texlive/2016/texmf-dist/tex/latex/psnfss/ot1ptmcm.fd
File: ot1ptmcm.fd 2000/01/03 Fontinst v1.801 font definitions for OT1/ptmcm.
)
LaTeX Font Info:    Try loading font information for OML+ptmcm on input line 18
.

(/usr/local/texlive/2016/texmf-dist/tex/latex/psnfss/omlptmcm.fd
File: omlptmcm.fd 2000/01/03 Fontinst v1.801 font definitions for OML/ptmcm.
)
LaTeX Font Info:    Try loading font information for OMX+psycm on input line 18
.

(/usr/local/texlive/2016/texmf-dist/tex/latex/psnfss/omxpsycm.fd
File: omxpsycm.fd 2000/01/03 Fontinst v1.801 font definitions for OMX/psycm.
)
LaTeX Font Info:    Try loading font information for U+msa on input line 18.

(/usr/local/texlive/2016/texmf-dist/tex/latex/amsfonts/umsa.fd
File: umsa.fd 2013/01/14 v3.01 AMS symbols A
)
LaTeX Font Info:    Try loading font information for U+msb on input line 18.

(/usr/local/texlive/2016/texmf-dist/tex/latex/amsfonts/umsb.fd
File: umsb.fd 2013/01/14 v3.01 AMS symbols B
)
LaTeX Font Info:    Font shape `OT1/ptm/bx/n' in size <12> not available
(Font)              Font shape `OT1/ptm/b/n' tried instead on input line 18.
LaTeX Font Info:    Font shape `OT1/ptm/bx/n' in size <9> not available
(Font)              Font shape `OT1/ptm/b/n' tried instead on input line 18.
LaTeX Font Info:    Font shape `OT1/ptm/bx/n' in size <7> not available
(Font)              Font shape `OT1/ptm/b/n' tried instead on input line 18.
 [2



])
\openout2 = `pengesahan_sidang.aux'.


(./pengesahan_sidang.tex
Overfull \hbox (14.74275pt too wide) in paragraph at lines 14--22
[] 
 []


Underfull \hbox (badness 10000) in paragraph at lines 14--22

 []


Underfull \hbox (badness 10000) in paragraph at lines 25--29

 []


Underfull \hbox (badness 10000) in paragraph at lines 36--46

 []

[3



])

Package hyperref Warning: Token not allowed in a PDF string (PDFDocEncoding):
(hyperref)                removing `\uppercase' on input line 82.

\openout2 = `pengantar.aux'.

(./pengantar.tex) [4



]
\openout2 = `persetujuan_publikasi.aux'.

 (./persetujuan_publikasi.tex
Underfull \hbox (badness 1354) in paragraph at lines 31--37
\T1/ptm/m/n/12 beserta perangkat yang ada (jika diperlukan). Dengan Hak Bebas R
oyalti
 []


Underfull \hbox (badness 2469) in paragraph at lines 31--37
\T1/ptm/m/n/12 Noneksklusif ini Universitas Indonesia berhak menyimpan, menga-l
ih-me-di-a-
 []


Underfull \hbox (badness 10000) in paragraph at lines 31--37

 []

[5



])
\openout2 = `abstrak.aux'.

 (./abstrak.tex
Underfull \hbox (badness 10000) in paragraph at lines 13--18

 []

[6



])
\openout2 = `abstract.aux'.

 (./abstract.tex
Underfull \hbox (badness 10000) in paragraph at lines 13--18

 []

[7



]) (./skripsi.toc [8


])
\tf@toc=\write7
\openout7 = `skripsi.toc'.



Package Fancyhdr Warning: \headheight is too small (0.0pt): 
 Make it at least 14.49998pt.
 We now make it that large for the rest of the document.
 This may cause the page layout to be inconsistent, however.

LaTeX Font Info:    Font shape `T1/ptm/bx/n' in size <10> not available
(Font)              Font shape `T1/ptm/b/n' tried instead on input line 101.
LaTeX Font Info:    Font shape `T1/phv/bx/n' in size <10> not available
(Font)              Font shape `T1/phv/b/n' tried instead on input line 101.
LaTeX Font Info:    Font shape `T1/phv/b/n' will be
(Font)              scaled to size 8.99994pt on input line 101.
[9] (./skripsi.lof)
\tf@lof=\write8
\openout8 = `skripsi.lof'.

 [10


] (./skripsi.lot)
\tf@lot=\write9
\openout9 = `skripsi.lot'.

 [11


] (./skripsi.lol)
\tf@lol=\write10
\openout10 = `skripsi.lol'.

 [12


]
\openout2 = `bab1.aux'.

 (./bab1.tex
Bab 1.

Package hyperref Warning: Token not allowed in a PDF string (PDFDocEncoding):
(hyperref)                removing `\uppercase' on input line 3.


Underfull \hbox (badness 1178) in paragraph at lines 11--12
\T1/ptm/m/n/12 lesaikan perma-salahan WSD ini pada umumnya adalah pendekatan \T
1/ptm/m/it/12 machine
 []


Underfull \hbox (badness 2221) in paragraph at lines 13--14
[]\T1/ptm/m/n/12 Pendekatan \T1/ptm/m/it/12 supervised \T1/ptm/m/n/12 yang digu
nakan untuk membangun sistem WSD
 []

pdfTeX warning (ext4): destination with the same identifier (name{page.1}) has 
been already used, duplicate ignored
<to be read again> 
                   \relax 
l.19 \section
             {Perumusan Masalah} [1



]
Underfull \hbox (badness 1701) in paragraph at lines 24--25
[]\T1/ptm/m/n/12 Seberapa baik performa \T1/ptm/m/it/12 WSD \T1/ptm/m/n/12 yang
 dibangun untuk bahasa Indonesia
 []


Package Fancyhdr Warning: \headheight is too small (0.0pt): 
 Make it at least 14.49998pt.
 We now make it that large for the rest of the document.
 This may cause the page layout to be inconsistent, however.

[2]
LaTeX Font Info:    Font shape `OMS/ptm/m/n' in size <12> not available
(Font)              Font shape `OMS/pzccm/m/n' tried instead on input line 62.

Underfull \hbox (badness 1831) in paragraph at lines 62--64
\T1/ptm/m/n/12 tujuan penelitian, tahapan penelitian, ruang lingkup, metodologi
, dan
 []


Package Fancyhdr Warning: \headheight is too small (0.0pt): 
 Make it at least 14.49998pt.
 We now make it that large for the rest of the document.
 This may cause the page layout to be inconsistent, however.

[3])

Package Fancyhdr Warning: \headheight is too small (0.0pt): 
 Make it at least 14.49998pt.
 We now make it that large for the rest of the document.
 This may cause the page layout to be inconsistent, however.

[4]
\openout2 = `bab2.aux'.

 (./bab2.tex
Bab 2.

Package hyperref Warning: Token not allowed in a PDF string (PDFDocEncoding):
(hyperref)                removing `\uppercase' on input line 3.

[5



] <adit_pics/Arsitektur-IMS.png, id=503, 839.135pt x 282.05376pt>
File: adit_pics/Arsitektur-IMS.png Graphic file (type png)

<use adit_pics/Arsitektur-IMS.png>
Package pdftex.def Info: adit_pics/Arsitektur-IMS.png used on input line 32.
(pdftex.def)             Requested size: 398.3386pt x 133.89084pt.

Underfull \hbox (badness 4913) in paragraph at lines 53--54
[]\T1/ptm/m/n/12 Pengujian seberapa baik performa IMS dalam melakukan WSD \T1/p
tm/m/it/12 task
 []


Package Fancyhdr Warning: \headheight is too small (0.0pt): 
 Make it at least 14.49998pt.
 We now make it that large for the rest of the document.
 This may cause the page layout to be inconsistent, however.

[6 <./adit_pics/Arsitektur-IMS.png>]
<adit_pics/Performa-IMS.png, id=519, 627.34375pt x 156.585pt>
File: adit_pics/Performa-IMS.png Graphic file (type png)

<use adit_pics/Performa-IMS.png>
Package pdftex.def Info: adit_pics/Performa-IMS.png used on input line 57.
(pdftex.def)             Requested size: 398.3386pt x 99.42796pt.
LaTeX Font Info:    Font shape `T1/ptm/bx/it' in size <12> not available
(Font)              Font shape `T1/ptm/b/it' tried instead on input line 62.

<adit_pics/crosslanguage-wsd.png, id=526, 694.595pt x 386.44376pt>
File: adit_pics/crosslanguage-wsd.png Graphic file (type png)

<use adit_pics/crosslanguage-wsd.png>
Package pdftex.def Info: adit_pics/crosslanguage-wsd.png used on input line 75.

(pdftex.def)             Requested size: 398.3386pt x 221.62556pt.


Package Fancyhdr Warning: \headheight is too small (0.0pt): 
 Make it at least 14.49998pt.
 We now make it that large for the rest of the document.
 This may cause the page layout to be inconsistent, however.

[7 <./adit_pics/Performa-IMS.png>]
Underfull \hbox (badness 1681) in paragraph at lines 86--87
\T1/ptm/m/n/12 tidak mempunyai cukup \T1/ptm/m/it/12 resource \T1/ptm/m/n/12 se
perti misalnya Wordnet yang memadai.
 []


Package Fancyhdr Warning: \headheight is too small (0.0pt): 
 Make it at least 14.49998pt.
 We now make it that large for the rest of the document.
 This may cause the page layout to be inconsistent, however.

[8 <./adit_pics/crosslanguage-wsd.png>]
Underfull \hbox (badness 1430) in paragraph at lines 100--101
[]\T1/ptm/m/n/12 Walaupun belum terdapat informasi eksplisit makna dari tezgüno
, dapat
 []


Underfull \hbox (badness 10000) in paragraph at lines 100--101
\T1/ptm/m/n/12 disimpulkan bahwa tezgüno mengacu pada minuman beralkohol yang
 []


Underfull \hbox (badness 1931) in paragraph at lines 100--101
\T1/ptm/m/n/12 memabukkan. Penarikan kesimpulan ini didapatkan dari kemunculan 
kata
 []

LaTeX Font Info:    Font shape `T1/ptm/bx/it' in size <14.4> not available
(Font)              Font shape `T1/ptm/b/it' tried instead on input line 122.

Package Fancyhdr Warning: \headheight is too small (0.0pt): 
 Make it at least 14.49998pt.
 We now make it that large for the rest of the document.
 This may cause the page layout to be inconsistent, however.

[9]
Underfull \hbox (badness 1789) in paragraph at lines 152--153
\T1/ptm/m/n/12 Pada penelitian ([]Mihalcea dan Pedersen[], []2003[]), pemisah k
ata yang umum
 []


Package Fancyhdr Warning: \headheight is too small (0.0pt): 
 Make it at least 14.49998pt.
 We now make it that large for the rest of the document.
 This may cause the page layout to be inconsistent, however.

[10]
Underfull \hbox (badness 1888) in paragraph at lines 158--159
[]\T1/ptm/m/n/12 Angka yang menjadi indeks tersebut akan merepre-sen-tasikan ka
ta yang
 []

LaTeX Font Info:    Font shape `T1/pcr/bx/n' in size <10> not available
(Font)              Font shape `T1/pcr/b/n' tried instead on input line 159.
<adit_pics/Pengukuran-Word-Alignment.png, id=569, 371.3875pt x 190.7125pt>
File: adit_pics/Pengukuran-Word-Alignment.png Graphic file (type png)

<use adit_pics/Pengukuran-Word-Alignment.png>
Package pdftex.def Info: adit_pics/Pengukuran-Word-Alignment.png used on input 
line 173.
(pdftex.def)             Requested size: 398.3386pt x 204.55795pt.


Package Fancyhdr Warning: \headheight is too small (0.0pt): 
 Make it at least 14.49998pt.
 We now make it that large for the rest of the document.
 This may cause the page layout to be inconsistent, however.

[11] <adit_pics/svm-hyperplane.png, id=582, 502.87875pt x 298.11375pt>
File: adit_pics/svm-hyperplane.png Graphic file (type png)

<use adit_pics/svm-hyperplane.png>
Package pdftex.def Info: adit_pics/svm-hyperplane.png used on input line 186.
(pdftex.def)             Requested size: 398.3386pt x 236.13957pt.


Package Fancyhdr Warning: \headheight is too small (0.0pt): 
 Make it at least 14.49998pt.
 We now make it that large for the rest of the document.
 This may cause the page layout to be inconsistent, however.

[12 <./adit_pics/Pengukuran-Word-Alignment.png>]

Package Fancyhdr Warning: \headheight is too small (0.0pt): 
 Make it at least 14.49998pt.
 We now make it that large for the rest of the document.
 This may cause the page layout to be inconsistent, however.

[13 <./adit_pics/svm-hyperplane.png>]
<adit_pics/word2vec_diagrams.png, id=601, 836.12375pt x 486.81876pt>
File: adit_pics/word2vec_diagrams.png Graphic file (type png)

<use adit_pics/word2vec_diagrams.png>
Package pdftex.def Info: adit_pics/word2vec_diagrams.png used on input line 202
.
(pdftex.def)             Requested size: 398.3386pt x 231.93213pt.
)

Package Fancyhdr Warning: \headheight is too small (0.0pt): 
 Make it at least 14.49998pt.
 We now make it that large for the rest of the document.
 This may cause the page layout to be inconsistent, however.

[14 <./adit_pics/word2vec_diagrams.png>]
\openout2 = `bab3.aux'.

 (./bab3.tex
Bab 3.

Package hyperref Warning: Token not allowed in a PDF string (PDFDocEncoding):
(hyperref)                removing `\uppercase' on input line 3.

<adit_pics/WSD-full.jpeg, id=608, 537.00626pt x 307.1475pt>
File: adit_pics/WSD-full.jpeg Graphic file (type jpg)

<use adit_pics/WSD-full.jpeg>
Package pdftex.def Info: adit_pics/WSD-full.jpeg used on input line 9.
(pdftex.def)             Requested size: 398.3386pt x 227.83392pt.
 [15



 <./adit_pics/WSD-full.jpeg>]

Package Fancyhdr Warning: \headheight is too small (0.0pt): 
 Make it at least 14.49998pt.
 We now make it that large for the rest of the document.
 This may cause the page layout to be inconsistent, however.

[16]
Underfull \hbox (badness 3724) in paragraph at lines 48--49
[]\T1/ptm/m/n/12 Masing-masing \T1/ptm/m/it/12 anotator \T1/ptm/m/n/12 memasang
-masangkan kata yang tepat pada
 []


Underfull \hbox (badness 1442) in paragraph at lines 56--57
\T1/ptm/m/n/12 Proses peningkatan kualitas hasil alignment diperlukan untuk mem
ini-malisir
 []


Package Fancyhdr Warning: \headheight is too small (0.0pt): 
 Make it at least 14.49998pt.
 We now make it that large for the rest of the document.
 This may cause the page layout to be inconsistent, however.

[17]
Underfull \hbox (badness 5133) in paragraph at lines 65--66
[]\T1/ptm/m/n/12 Pemasangan antar kalimat yang bersesuaian dengan kata-kata yan
g
 []


Underfull \hbox (badness 1527) in paragraph at lines 65--66
\T1/ptm/m/n/12 berpasangan. Pada contoh kata "halaman" yang berpasangan dengan
 []


Underfull \hbox (badness 1565) in paragraph at lines 65--66
\T1/ptm/m/n/12 "courtyard", maka pasangan kalimat "Aku bermain di halaman" akan

 []

)

Package Fancyhdr Warning: \headheight is too small (0.0pt): 
 Make it at least 14.49998pt.
 We now make it that large for the rest of the document.
 This may cause the page layout to be inconsistent, however.

[18]
\openout2 = `bab4.aux'.

 (./bab4.tex
Bab 4.

Package hyperref Warning: Token not allowed in a PDF string (PDFDocEncoding):
(hyperref)                removing `\uppercase' on input line 3.

<adit_pics/pre-process-giza.jpg, id=638, 515.9275pt x 106.3975pt>
File: adit_pics/pre-process-giza.jpg Graphic file (type jpg)

<use adit_pics/pre-process-giza.jpg>
Package pdftex.def Info: adit_pics/pre-process-giza.jpg used on input line 12.
(pdftex.def)             Requested size: 398.3386pt x 82.15036pt.

(/usr/local/texlive/2016/texmf-dist/tex/latex/listings/lstlang1.sty
File: lstlang1.sty 2015/06/04 1.6 listings language file
)
(/usr/local/texlive/2016/texmf-dist/tex/latex/listings/lstlang1.sty
File: lstlang1.sty 2015/06/04 1.6 listings language file
)
Underfull \hbox (badness 1635) in paragraph at lines 25--26
\T1/ptm/m/n/12 tersebut meliputi hasil \T1/ptm/m/it/12 training \T1/ptm/m/n/12 
kata-kata dalam bahasa Inggris yang sudah
 []

[19



 <./adit_pics/pre-process-giza.jpg>]
Underfull \hbox (badness 1552) in paragraph at lines 28--29
\T1/ptm/m/n/12 mempermudah pemakaian \T1/ptm/m/it/12 sense tagged corpus \T1/pt
m/m/n/12 ini pada proses selanjutnya,
 []


Underfull \hbox (badness 1297) in paragraph at lines 36--37
[]\T1/ptm/m/n/12 Contoh dari kalimat yang sudah diberikan \T1/ptm/m/it/12 tag \
T1/ptm/m/n/12 sampai keluar dari \T1/ptm/m/it/12 post-
 []


Underfull \hbox (badness 1577) in paragraph at lines 49--50
\T1/ptm/m/n/12 Proses \T1/ptm/m/it/12 word alignment \T1/ptm/m/n/12 menggunakan
 dua buah \T1/ptm/m/it/12 file \T1/ptm/m/n/12 yaitu korpus berbahasa
 []

LaTeX Font Info:    Font shape `T1/pcr/bx/it' in size <10> not available
(Font)              Font shape `T1/pcr/b/it' tried instead on input line 52.
LaTeX Font Info:    Font shape `T1/pcr/b/it' in size <10> not available
(Font)              Font shape `T1/pcr/b/sl' tried instead on input line 52.

Package Fancyhdr Warning: \headheight is too small (0.0pt): 
 Make it at least 14.49998pt.
 We now make it that large for the rest of the document.
 This may cause the page layout to be inconsistent, however.

[20]
Underfull \hbox (badness 4108) in paragraph at lines 67--68
\T1/ptm/m/n/12 Setelah mendapatkan \T1/ptm/m/it/12 file \T1/ptm/m/n/12 A3 dari 
Giza, dilakukan \T1/ptm/m/it/12 post-processing \T1/ptm/m/n/12 untuk
 []


Package Fancyhdr Warning: \headheight is too small (0.0pt): 
 Make it at least 14.49998pt.
 We now make it that large for the rest of the document.
 This may cause the page layout to be inconsistent, however.

[21]
Underfull \hbox (badness 1152) in paragraph at lines 99--100
\T1/ptm/m/n/12 kembali pada sistem WSD nantinya. Sementara itu, keperluan nomor
 dua
 []


Package Fancyhdr Warning: \headheight is too small (0.0pt): 
 Make it at least 14.49998pt.
 We now make it that large for the rest of the document.
 This may cause the page layout to be inconsistent, however.

[22] (/usr/local/texlive/2016/texmf-dist/tex/latex/listings/lstlang1.sty
File: lstlang1.sty 2015/06/04 1.6 listings language file
)

Package Fancyhdr Warning: \headheight is too small (0.0pt): 
 Make it at least 14.49998pt.
 We now make it that large for the rest of the document.
 This may cause the page layout to be inconsistent, however.

[23]

Package Fancyhdr Warning: \headheight is too small (0.0pt): 
 Make it at least 14.49998pt.
 We now make it that large for the rest of the document.
 This may cause the page layout to be inconsistent, however.

[24]
Underfull \hbox (badness 3690) in paragraph at lines 176--177
[]\T1/ptm/m/n/12 Kata "halaman" memiliki pasangan bahasa Inggris hasil Giza yai
tu
 []

<adit_pics/bidirectional-enhancement.jpeg, id=739, 743.77875pt x 166.6225pt>
File: adit_pics/bidirectional-enhancement.jpeg Graphic file (type jpg)

<use adit_pics/bidirectional-enhancement.jpeg>
Package pdftex.def Info: adit_pics/bidirectional-enhancement.jpeg used on input
 line 188.
(pdftex.def)             Requested size: 398.3386pt x 89.23749pt.


Package Fancyhdr Warning: \headheight is too small (0.0pt): 
 Make it at least 14.49998pt.
 We now make it that large for the rest of the document.
 This may cause the page layout to be inconsistent, however.

[25 <./adit_pics/bidirectional-enhancement.jpeg>]

Package Fancyhdr Warning: \headheight is too small (0.0pt): 
 Make it at least 14.49998pt.
 We now make it that large for the rest of the document.
 This may cause the page layout to be inconsistent, however.

[26]

Package Fancyhdr Warning: \headheight is too small (0.0pt): 
 Make it at least 14.49998pt.
 We now make it that large for the rest of the document.
 This may cause the page layout to be inconsistent, however.

[27]

Package Fancyhdr Warning: \headheight is too small (0.0pt): 
 Make it at least 14.49998pt.
 We now make it that large for the rest of the document.
 This may cause the page layout to be inconsistent, however.

[28]

Package Fancyhdr Warning: \headheight is too small (0.0pt): 
 Make it at least 14.49998pt.
 We now make it that large for the rest of the document.
 This may cause the page layout to be inconsistent, however.

[29] <adit_pics/we-vector.jpeg, id=824, 382.42876pt x 141.52875pt>
File: adit_pics/we-vector.jpeg Graphic file (type jpg)

<use adit_pics/we-vector.jpeg>
Package pdftex.def Info: adit_pics/we-vector.jpeg used on input line 318.
(pdftex.def)             Requested size: 398.3386pt x 147.42397pt.

Underfull \hbox (badness 1348) in paragraph at lines 325--326
\T1/ptm/m/n/12 kata tersebut memiliki kata \T1/ptm/m/it/12 translation \T1/ptm/
m/n/12 lebih dari satu dengan makna yang
 []


Package Fancyhdr Warning: \headheight is too small (0.0pt): 
 Make it at least 14.49998pt.
 We now make it that large for the rest of the document.
 This may cause the page layout to be inconsistent, however.

[30 <./adit_pics/we-vector.jpeg>])

Package Fancyhdr Warning: \headheight is too small (0.0pt): 
 Make it at least 14.49998pt.
 We now make it that large for the rest of the document.
 This may cause the page layout to be inconsistent, however.

[31]
\openout2 = `bab5.aux'.

 (./bab5.tex
Bab 5.

Package hyperref Warning: Token not allowed in a PDF string (PDFDocEncoding):
(hyperref)                removing `\uppercase' on input line 3.


Underfull \hbox (badness 1584) in paragraph at lines 10--12
\T1/ptm/m/n/12 Korpus identik berisi pasangan-pasangan kalimat Indonesia-Inggri
s sebanyak
 []


Underfull \hbox (badness 1221) in paragraph at lines 36--37
\T1/ptm/m/n/12 dari \T1/ptm/m/it/12 sense tag \T1/ptm/m/n/12 yang diberikan ber
gantung dari model yang digunakan pada
 []

[32



]

Package Fancyhdr Warning: \headheight is too small (0.0pt): 
 Make it at least 14.49998pt.
 We now make it that large for the rest of the document.
 This may cause the page layout to be inconsistent, however.

[33]
Underfull \hbox (badness 2538) in paragraph at lines 73--74
\T1/ptm/m/n/12 dan 'split%2:38:00::'. Kata "menolak" mewakili kelas kata sebany
ak 10
 []


Underfull \hbox (badness 4726) in paragraph at lines 84--84
\T1/ptm/m/it/12 problem or question)
 []


Underfull \hbox (badness 10000) in paragraph at lines 84--84
\T1/ptm/m/it/12 or understand the
 []


Underfull \hbox (badness 10000) in paragraph at lines 85--86
[]|\T1/ptm/m/n/12 salah satu cara
 []


Underfull \hbox (badness 10000) in paragraph at lines 85--86
\T1/ptm/m/n/12 untuk \T1/ptm/b/n/12 memecahkan
 []


Underfull \hbox (badness 10000) in paragraph at lines 89--90
[]|\T1/ptm/m/n/12 evolusionis masih
 []


Underfull \hbox (badness 10000) in paragraph at lines 89--90
\T1/ptm/m/n/12 belum bisa
 []


Underfull \hbox (badness 10000) in paragraph at lines 89--90
\T1/ptm/b/n/12 memecahkan \T1/ptm/m/n/12 perma-
 []


Underfull \hbox (badness 10000) in paragraph at lines 93--94
[]|\T1/ptm/m/n/12 ...base mereka
 []


Underfull \hbox (badness 10000) in paragraph at lines 93--94
\T1/ptm/b/n/12 memecahkan \T1/ptm/m/n/12 rekor
 []


Underfull \hbox (badness 10000) in paragraph at lines 96--96
[]|\T1/ptm/m/it/12 go one's own way;
 []


Underfull \hbox (badness 10000) in paragraph at lines 97--98
[]|\T1/ptm/m/n/12 senat mereka
 []


Underfull \hbox (badness 10000) in paragraph at lines 97--98
\T1/ptm/b/n/12 memecahkan
 []


Underfull \hbox (badness 10000) in paragraph at lines 97--98
\T1/ptm/m/n/12 perbedaan antara
 []


Underfull \hbox (badness 10000) in paragraph at lines 97--98
\T1/ptm/m/n/12 skenario 1 dan 3
 []


Underfull \hbox (badness 10000) in paragraph at lines 100--100
[]|\T1/ptm/m/it/12 show unwillingness
 []


Underfull \hbox (badness 10000) in paragraph at lines 101--102
[]|\T1/ptm/m/n/12 wells rich \T1/ptm/b/n/12 menolak
 []


Underfull \hbox (badness 10000) in paragraph at lines 104--104
[]|\T1/ptm/m/it/12 show unwillingness
 []


Underfull \hbox (badness 10000) in paragraph at lines 109--110
[]|\T1/ptm/m/n/12 ..dua pekan lalu
 []


Underfull \hbox (badness 10000) in paragraph at lines 109--110
\T1/ptm/b/n/12 menolak \T1/ptm/m/n/12 tawaran
 []


Package Fancyhdr Warning: \headheight is too small (0.0pt): 
 Make it at least 14.49998pt.
 We now make it that large for the rest of the document.
 This may cause the page layout to be inconsistent, however.

[34]
Underfull \hbox (badness 1275) in paragraph at lines 116--117
[]\T1/ptm/m/n/12 Pada sebaran jumlah \T1/ptm/m/it/12 instance \T1/ptm/m/n/12 di
 dalam kelas-kelasnya, kata "kehadiran"
 []


Package Fancyhdr Warning: \headheight is too small (0.0pt): 
 Make it at least 14.49998pt.
 We now make it that large for the rest of the document.
 This may cause the page layout to be inconsistent, however.

[35]
Overfull \hbox (0.52434pt too wide) in paragraph at lines 124--125
[]|\T1/ptm/m/n/12 Jumlah| 
 []


Underfull \hbox (badness 10000) in paragraph at lines 126--126
[]|\T1/ptm/m/n/12 Kehadiran
 []


Underfull \hbox (badness 10000) in paragraph at lines 127--127
\T1/ptm/m/it/12 present (at a
 []


Underfull \hbox (badness 10000) in paragraph at lines 128--128
[]|\T1/ptm/m/n/12 ...tingkat
 []


Underfull \hbox (badness 10000) in paragraph at lines 131--131
[]|\T1/ptm/m/n/12 Kehadiran
 []


Underfull \hbox (badness 10000) in paragraph at lines 132--132
[]|\T1/ptm/m/it/12 the impression
 []


Underfull \hbox (badness 10000) in paragraph at lines 132--132
\T1/ptm/m/it/12 that something
 []


Underfull \hbox (badness 10000) in paragraph at lines 133--134
[]|\T1/ptm/m/n/12 ...berkurangnya
 []


Underfull \hbox (badness 5548) in paragraph at lines 133--134
\T1/ptm/b/n/12 kehadiran \T1/ptm/m/n/12 pria
 []


Underfull \hbox (badness 10000) in paragraph at lines 137--137
[]|\T1/ptm/m/n/12 rumahnya
 []


Underfull \hbox (badness 10000) in paragraph at lines 138--138
[]|\T1/ptm/m/it/12 an official
 []


Underfull \hbox (badness 10000) in paragraph at lines 138--138
\T1/ptm/m/it/12 legislative
 []


Underfull \hbox (badness 10000) in paragraph at lines 139--140
[]|\T1/ptm/m/n/12 ...kebakaran
 []


Underfull \hbox (badness 10000) in paragraph at lines 139--140
\T1/ptm/m/n/12 yang melanda
 []


Underfull \hbox (badness 10000) in paragraph at lines 142--142
[]|\T1/ptm/m/n/12 rumahnya
 []


Underfull \hbox (badness 10000) in paragraph at lines 143--143
[]|\T1/ptm/m/it/12 Housing that
 []


Underfull \hbox (badness 10000) in paragraph at lines 143--143
\T1/ptm/m/it/12 someone is
 []


Underfull \hbox (badness 5331) in paragraph at lines 144--145
[]|\T1/ptm/m/n/12 ...ia pulang ke
 []


Underfull \hbox (badness 1215) in paragraph at lines 150--151
\T1/ptm/m/it/12 in which something is sheltered or located\T1/ptm/m/n/12 ". Kes
alahan makna kata yang
 []


Underfull \hbox (badness 1168) in paragraph at lines 152--153
\T1/ptm/m/n/12 dan feed%1:13:00:: ("\T1/ptm/m/it/12 food for domestic livestock
\T1/ptm/m/n/12 ") yang semestinya adalah
 []


Package Fancyhdr Warning: \headheight is too small (0.0pt): 
 Make it at least 14.49998pt.
 We now make it that large for the rest of the document.
 This may cause the page layout to be inconsistent, however.

[36]

Package Fancyhdr Warning: \headheight is too small (0.0pt): 
 Make it at least 14.49998pt.
 We now make it that large for the rest of the document.
 This may cause the page layout to be inconsistent, however.

[37])
Underfull \hbox (badness 10000) in paragraph at lines 221--122
[]\T1/ptm/m/n/12 Pada kata "halaman" persebaran \T1/ptm/m/it/12 instance \T1/pt
m/m/n/12 dalam kelasnya adalah
 []


Underfull \hbox (badness 10000) in paragraph at lines 221--122
\T1/ptm/m/n/12 page%1:10:00:: sebanyak 41 buah, yard%1:23:00:: 3 buah, dan
 []


Underfull \hbox (badness 1048) in paragraph at lines 221--122
\T1/ptm/m/n/12 courtyard%1:06:00:: 3 buah. Jumlah data yang tidak \T1/ptm/m/it/
12 balance \T1/ptm/m/n/12 pada kelas-
 []


Package Fancyhdr Warning: \headheight is too small (0.0pt): 
 Make it at least 14.49998pt.
 We now make it that large for the rest of the document.
 This may cause the page layout to be inconsistent, however.

[38]

Package Fancyhdr Warning: \headheight is too small (0.0pt): 
 Make it at least 14.49998pt.
 We now make it that large for the rest of the document.
 This may cause the page layout to be inconsistent, however.

[39]
\openout2 = `bab6.aux'.

 (./bab6.tex
Bab 6.

Package hyperref Warning: Token not allowed in a PDF string (PDFDocEncoding):
(hyperref)                removing `\uppercase' on input line 3.


Underfull \hbox (badness 1122) in paragraph at lines 17--18
[]\T1/ptm/m/n/12 Penggunaan kualitas dari korpus paralel dapat mempe-ngaruhi se
berapa
 []


Underfull \hbox (badness 2368) in paragraph at lines 17--18
\T1/ptm/m/it/12 comparable \T1/ptm/m/n/12 (tidak sepenuhnya paralel), sehingga 
rawan menimbulkan
 []

[40



])

Package Fancyhdr Warning: \headheight is too small (0.0pt): 
 Make it at least 14.49998pt.
 We now make it that large for the rest of the document.
 This may cause the page layout to be inconsistent, however.

[41] (./skripsi.bbl)
Package atveryend Info: Empty hook `BeforeClearDocument' on input line 145.
 [42


]
Package atveryend Info: Empty hook `AfterLastShipout' on input line 145.
 (./skripsi.aux (./sampul.aux) (./judul_dalam.aux)
(./orisinal.aux) (./pengesahan_sidang.aux) (./pengantar.aux)
(./persetujuan_publikasi.aux) (./abstrak.aux) (./abstract.aux) (./bab1.aux)
(./bab2.aux) (./bab3.aux) (./bab4.aux) (./bab5.aux) (./bab6.aux))
Package atveryend Info: Executing hook `AtVeryEndDocument' on input line 145.


 *File List*
  report.cls    2014/09/29 v1.4h Standard LaTeX document class
  size12.clo    2014/09/29 v1.4h Standard LaTeX file (size option)
 arabtex.sty    2003/08/22  3.11 ArabTeX main module
 arabaux.sty    2003/05/21  3.11 auxiliary macros for ArabTeX
    acmd.sty    2003/08/20  3.11 Arabic command processing 
  afonts.sty    1995/11/16  3.04 define Naskh font 
 afonts2.sty    1998/10/19  3.10 define Naskh fonts for LaTeX2e
   ascan.sty    2003/08/22  3.11 standard ZDMG input encoding 
  aparse.sty    2003/05/26  3.11 get syllables 
  awrite.sty    2003/06/05  3.11 build output word 
xarbsymb.sty    1998/07/15  3.07 symbolic output encoding 
arabskel.sty    2000/06/04  3.10 character skeleton definitions 
xarbskel.sty    1999/07/17  3.09 character skeleton definitions 
  aboxes.sty    2003/05/28  3.11 build output boxes
arabtoks.sty    1999/07/17  3.09 ArabTeX CS token definitions 
arabchrs.sty    1998/07/11  3.07 letter token definitions 
   aligs.sty    2003/05/26  3.11 compute ligatures
 aoutput.sty    2000/06/04  3.10 build output lines
  abidir.sty    2003/08/22  3.11 bidirectional linebreaking
  atrans.sty    2003/06/14  3.11 generate the transliteration 
  alatex.sty    2003/05/04  3.11 ArabTeX extensions for LaTeX 
   afoot.sty    2003/05/12  3.11 ArabTeX footnotes
   abjad.sty    2003/04/26  3.11 abjad numerals 
  apatch.sty    2006/07/02  3.11s last minute patches 
  alists.sty    2003/04/26  3.11 inverted list macros
   asect.sty    2003/04/26  3.11 section macros for Arabic
   atabg.sty    1997/01/21  3.05 LaTeX tabbing macros for Arabic
    utf8.sty    2000/06/13  3.10 UTF-8 input encoding 
 utfcode.sty    2002/03/07  3.10a Arabic+Hebrew segment of UTF-8
 amsmath.sty    2016/03/10 v2.15b AMS math features
 amstext.sty    2000/06/29 v2.01 AMS text
  amsgen.sty    1999/11/30 v2.0 generic functions
  amsbsy.sty    1999/11/29 v1.2d Bold Symbols
  amsopn.sty    2016/03/08 v2.02 operator names
 amssymb.sty    2013/01/14 v3.01 AMS font symbols
amsfonts.sty    2013/01/14 v3.01 Basic AMSFonts support
enumitem.sty    2011/09/28 v3.5.2 Customized lists
  natbib.sty    2010/09/13 8.31b (PWD, AO)
uithesis.sty    
tocbibind.sty    2010/10/13 v1.5k extra ToC listings
     url.sty    2013/09/16  ver 3.4  Verb mode for urls, etc.
multirow.sty    
graphicx.sty    2014/10/28 v1.0g Enhanced LaTeX Graphics (DPC,SPQR)
  keyval.sty    2014/10/28 v1.15 key=value parser (DPC)
graphics.sty    2016/05/09 v1.0r Standard LaTeX Graphics (DPC,SPQR)
    trig.sty    2016/01/03 v1.10 sin cos tan (DPC)
graphics.cfg    2016/01/02 v1.10 sample graphics configuration
  pdftex.def    2011/05/27 v0.06d Graphics/color for pdfTeX
infwarerr.sty    2016/05/16 v1.4 Providing info/warning/error messages (HO)
 ltxcmds.sty    2016/05/16 v1.23 LaTeX kernel commands for general use (HO)
setspace.sty    2011/12/19 v6.7a set line spacing
geometry.sty    2010/09/12 v5.6 Page Geometry
   ifpdf.sty    2016/05/14 v3.1 Provides the ifpdf switch
  ifvtex.sty    2016/05/16 v1.6 Detect VTeX and its facilities (HO)
 ifxetex.sty    2010/09/12 v0.6 Provides ifxetex conditional
 caption.sty    2016/02/21 v3.3-144 Customizing captions (AR)
caption3.sty    2016/02/04 v1.7-139 caption3 kernel (AR)
subfloat.sty    2003/08/21 version 2.14
 pslatex.sty    1996/07/24 v1.2 pslatex emulation (DPC)
pdfpages.sty    2016/04/19 v0.5f Insert pages of external PDF documents (AM)
  ifthen.sty    2014/09/29 v1.1c Standard LaTeX ifthen package (DPC)
    calc.sty    2014/10/28 v4.3 Infix arithmetic (KKT,FJ)
 eso-pic.sty    2015/07/21 v2.0g eso-pic (RN)
atbegshi.sty    2016/05/16 v1.17 At begin shipout hook (HO)
  xcolor.sty    2016/05/11 v2.12 LaTeX color extensions (UK)
   color.cfg    2016/01/02 v1.6 sample color configuration
pppdftex.def    2016/04/19 v0.5f Pdfpages driver for pdfTeX (AM)
fncychap.sty    2007/07/30 v1.34 LaTeX package (Revised chapters)
colortbl.sty    2012/02/13 v1.0a Color table columns (DPC)
   array.sty    2014/10/28 v2.4c Tabular extension package (FMi)
   float.sty    2001/11/08 v1.3d Float enhancements (AL)
 fontenc.sty
   t1enc.def    2005/09/27 v1.99g Standard LaTeX file
fancyhdr.sty    
listings.sty    2015/06/04 1.6 (Carsten Heinz)
 lstmisc.sty    2015/06/04 1.6 (Carsten Heinz)
listings.cfg    2015/06/04 1.6 listings configuration
lstlang1.sty    2015/06/04 1.6 listings language file
 lstmisc.sty    2015/06/04 1.6 (Carsten Heinz)
fancyvrb.sty    2008/02/07
  hhline.sty    2014/10/28 v2.03 Table rule package (DPC)
pdflscape.sty    2016/05/14 v0.11 Display of landscape pages in PDF (HO)
  lscape.sty    2000/10/22 v3.01 Landscape Pages (DPC)
longtable.sty    2014/10/28 v4.11 Multi-page Table package (DPC)
hyperref.sty    2016/05/05 v6.83n Hypertext links for LaTeX
hobsub-hyperref.sty    2016/05/16 v1.14 Bundle oberdiek, subset hyperref (HO)
hobsub-generic.sty    2016/05/16 v1.14 Bundle oberdiek, subset generic (HO)
  hobsub.sty    2016/05/16 v1.14 Construct package bundles (HO)
ifluatex.sty    2016/05/16 v1.4 Provides the ifluatex switch (HO)
 intcalc.sty    2016/05/16 v1.2 Expandable calculations with integers (HO)
etexcmds.sty    2016/05/16 v1.6 Avoid name clashes with e-TeX commands (HO)
kvsetkeys.sty    2016/05/16 v1.17 Key value parser (HO)
kvdefinekeys.sty    2016/05/16 v1.4 Define keys (HO)
pdftexcmds.sty    2016/05/10 v0.21 Utility functions of pdfTeX for LuaTeX (HO)
pdfescape.sty    2016/05/16 v1.14 Implements pdfTeX's escape features (HO)
bigintcalc.sty    2016/05/16 v1.4 Expandable calculations on big integers (HO)
  bitset.sty    2016/05/16 v1.2 Handle bit-vector datatype (HO)
uniquecounter.sty    2016/05/16 v1.3 Provide unlimited unique counter (HO)
letltxmacro.sty    2016/05/16 v1.5 Let assignment for LaTeX macros (HO)
 hopatch.sty    2016/05/16 v1.3 Wrapper for package hooks (HO)
xcolor-patch.sty    2016/05/16 xcolor patch
atveryend.sty    2016/05/16 v1.9 Hooks at the very end of document (HO)
refcount.sty    2016/05/16 v3.5 Data extraction from label references (HO)
 hycolor.sty    2016/05/16 v1.8 Color options for hyperref/bookmark (HO)
 auxhook.sty    2016/05/16 v1.4 Hooks for auxiliary files (HO)
kvoptions.sty    2016/05/16 v3.12 Key value format for package options (HO)
  pd1enc.def    2016/05/05 v6.83n Hyperref: PDFDocEncoding definition (HO)
hyperref.cfg    2002/06/06 v1.2 hyperref configuration of TeXLive
 hpdftex.def    2016/05/05 v6.83n Hyperref driver for pdfTeX
rerunfilecheck.sty    2016/05/16 v1.8 Rerun checks for auxiliary files (HO)
laporan_setting.tex
   babel.sty    2016/04/23 3.9r The Babel package
 bahasai.ldf
    hype.indonesia
 istilah.tex
omspzccm.fd    2000/01/03 Fontinst v1.801 font definitions for OMS/pzccm.
supp-pdf.mkii
epstopdf-base.sty    2016/05/15 v2.6 Base part for package epstopdf
  grfext.sty    2016/05/16 v1.2 Manage graphics extensions (HO)
epstopdf-sys.cfg    2010/07/13 v1.3 Configuration of (r)epstopdf for TeX Live
ltcaption.sty    2013/06/09 v1.4-94 longtable captions (AR)
 nameref.sty    2012/10/27 v2.43 Cross-referencing by name of section
gettitlestring.sty    2016/05/16 v1.5 Cleanup title references (HO)
 skripsi.out
 skripsi.out
  apatch.sty    2006/07/02  3.11s last minute patches 
  sampul.tex
pics/makara.png
judul_dalam.tex
pics/makara.png
orisinal.tex
ot1ptmcm.fd    2000/01/03 Fontinst v1.801 font definitions for OT1/ptmcm.
omlptmcm.fd    2000/01/03 Fontinst v1.801 font definitions for OML/ptmcm.
omxpsycm.fd    2000/01/03 Fontinst v1.801 font definitions for OMX/psycm.
    umsa.fd    2013/01/14 v3.01 AMS symbols A
    umsb.fd    2013/01/14 v3.01 AMS symbols B
pengesahan_sidang.tex
pengantar.tex
persetujuan_publikasi.tex
 abstrak.tex
abstract.tex
    bab1.tex
    bab2.tex
adit_pics/Arsitektur-IMS.png
adit_pics/Performa-IMS.png
adit_pics/crosslanguage-wsd.png
adit_pics/Pengukuran-Word-Alignment.png
adit_pics/svm-hyperplane.png
adit_pics/word2vec_diagrams.png
    bab3.tex
adit_pics/WSD-full.jpeg
    bab4.tex
adit_pics/pre-process-giza.jpg
lstlang1.sty    2015/06/04 1.6 listings language file
lstlang1.sty    2015/06/04 1.6 listings language file
lstlang1.sty    2015/06/04 1.6 listings language file
adit_pics/bidirectional-enhancement.jpeg
adit_pics/we-vector.jpeg
    bab5.tex
    bab6.tex
 skripsi.bbl
 ***********

Package atveryend Info: Executing hook `AtEndAfterFileList' on input line 145.
Package rerunfilecheck Info: File `skripsi.out' has not changed.
(rerunfilecheck)             Checksum: EA6C0943BA0571F6CBC7D544AB5B1AF5;4641.
Package atveryend Info: Empty hook `AtVeryVeryEnd' on input line 145.
 ) 
Here is how much of TeX's memory you used:
 15975 strings out of 493014
 219140 string characters out of 6133352
 461175 words of memory out of 5000000
 18576 multiletter control sequences out of 15000+600000
 46632 words of font info for 70 fonts, out of 8000000 for 9000
 1266 hyphenation exceptions out of 8191
 44i,12n,51p,1555b,1936s stack positions out of 5000i,500n,10000p,200000b,80000s
{/usr/local/texlive/2016/texmf-dist/fonts/enc/dvips/base/8r.enc}</usr/local/t
exlive/2016/texmf-dist/fonts/type1/public/amsfonts/cm/cmsy10.pfb></usr/local/te
xlive/2016/texmf-dist/fonts/type1/urw/courier/ucrb8a.pfb></usr/local/texlive/20
16/texmf-dist/fonts/type1/urw/courier/ucrbo8a.pfb></usr/local/texlive/2016/texm
f-dist/fonts/type1/urw/helvetic/uhvb8a.pfb></usr/local/texlive/2016/texmf-dist/
fonts/type1/urw/times/utmb8a.pfb></usr/local/texlive/2016/texmf-dist/fonts/type
1/urw/times/utmbi8a.pfb></usr/local/texlive/2016/texmf-dist/fonts/type1/urw/tim
es/utmr8a.pfb></usr/local/texlive/2016/texmf-dist/fonts/type1/urw/times/utmri8a
.pfb>
Output written on skripsi.pdf (55 pages, 497517 bytes).
PDF statistics:
 1012 PDF objects out of 1200 (max. 8388607)
 913 compressed objects within 10 object streams
 353 named destinations out of 1000 (max. 500000)
 592 words of extra memory for PDF output out of 10000 (max. 10000000)

