\BOOKMARK [0][-]{section*.2}{HALAMAN JUDUL}{}% 1
\BOOKMARK [0][-]{section*.4}{LEMBAR PERNYATAAN ORISINALITAS}{}% 2
\BOOKMARK [0][-]{section*.6}{LEMBAR PENGESAHAN}{}% 3
\BOOKMARK [0][-]{section*.8}{Kata Pengantar}{}% 4
\BOOKMARK [0][-]{section*.10}{LEMBAR PERSETUJUAN PUBLIKASI ILMIAH}{}% 5
\BOOKMARK [0][-]{section*.12}{ABSTRAK}{}% 6
\BOOKMARK [0][-]{chapter*.15}{Daftar Isi}{}% 7
\BOOKMARK [0][-]{chapter*.16}{Daftar Gambar}{}% 8
\BOOKMARK [0][-]{chapter*.17}{Daftar Tabel}{}% 9
\BOOKMARK [0][-]{chapter*.18}{Daftar Kode}{}% 10
\BOOKMARK [0][-]{chapter.1}{1 Pendahuluan}{}% 11
\BOOKMARK [1][-]{section.1.1}{1.1 Latar Belakang}{chapter.1}% 12
\BOOKMARK [1][-]{section.1.2}{1.2 Perumusan Masalah}{chapter.1}% 13
\BOOKMARK [1][-]{section.1.3}{1.3 Tujuan dan Manfaat Penelitian}{chapter.1}% 14
\BOOKMARK [1][-]{section.1.4}{1.4 Ruang Lingkup Penelitian}{chapter.1}% 15
\BOOKMARK [1][-]{section.1.5}{1.5 Metodologi Penelitian}{chapter.1}% 16
\BOOKMARK [1][-]{section.1.6}{1.6 Sistematika Penulisan}{chapter.1}% 17
\BOOKMARK [0][-]{chapter.2}{2 Tinjauan Pustaka}{}% 18
\BOOKMARK [1][-]{section.2.1}{2.1 Textual Entailment}{chapter.2}% 19
\BOOKMARK [2][-]{subsection.2.1.1}{2.1.1 Tingkatan Textual Entailment}{section.2.1}% 20
\BOOKMARK [2][-]{subsection.2.1.2}{2.1.2 Pemanfaatan Textual Entailment}{section.2.1}% 21
\BOOKMARK [1][-]{section.2.2}{2.2 Korpus}{chapter.2}% 22
\BOOKMARK [2][-]{subsection.2.2.1}{2.2.1 Kriteria dan Tahap Pembuatan Korpus}{section.2.2}% 23
\BOOKMARK [2][-]{subsection.2.2.2}{2.2.2 Korpus Textual Entailment}{section.2.2}% 24
\BOOKMARK [1][-]{section.2.3}{2.3 Wikipedia}{chapter.2}% 25
\BOOKMARK [2][-]{subsection.2.3.1}{2.3.1 Wikipedia Offline}{section.2.3}% 26
\BOOKMARK [2][-]{subsection.2.3.2}{2.3.2 Wiki Markup Language}{section.2.3}% 27
\BOOKMARK [2][-]{subsection.2.3.3}{2.3.3 Wikipedia Revision History}{section.2.3}% 28
\BOOKMARK [2][-]{subsection.2.3.4}{2.3.4 Pemanfaatan Wikipedia}{section.2.3}% 29
\BOOKMARK [1][-]{section.2.4}{2.4 Semi-supervised Learning}{chapter.2}% 30
\BOOKMARK [2][-]{subsection.2.4.1}{2.4.1 Co-training}{section.2.4}% 31
\BOOKMARK [2][-]{subsection.2.4.2}{2.4.2 Co-training dalam Textual Entailment}{section.2.4}% 32
\BOOKMARK [1][-]{section.2.5}{2.5 Language Model}{chapter.2}% 33
\BOOKMARK [2][-]{subsection.2.5.1}{2.5.1 N-gram}{section.2.5}% 34
\BOOKMARK [2][-]{subsection.2.5.2}{2.5.2 Word Embedding}{section.2.5}% 35
\BOOKMARK [1][-]{section.2.6}{2.6 Naive Bayes}{chapter.2}% 36
\BOOKMARK [1][-]{section.2.7}{2.7 Recurrent Neural Network}{chapter.2}% 37
\BOOKMARK [1][-]{section.2.8}{2.8 Evaluasi}{chapter.2}% 38
\BOOKMARK [2][-]{subsection.2.8.1}{2.8.1 Cross Validation}{section.2.8}% 39
\BOOKMARK [2][-]{subsection.2.8.2}{2.8.2 Kappa}{section.2.8}% 40
\BOOKMARK [0][-]{chapter.3}{3 Rancangan Pengembangan Korpus}{}% 41
\BOOKMARK [1][-]{section.3.1}{3.1 Rancangan Pengembangan Korpus}{chapter.3}% 42
\BOOKMARK [1][-]{section.3.2}{3.2 Pembentukan Kandidat T dan H}{chapter.3}% 43
\BOOKMARK [1][-]{section.3.3}{3.3 Anotasi Manual}{chapter.3}% 44
\BOOKMARK [1][-]{section.3.4}{3.4 Co-training}{chapter.3}% 45
\BOOKMARK [2][-]{subsection.3.4.1}{3.4.1 Penentuan Classifier Pertama}{section.3.4}% 46
\BOOKMARK [2][-]{subsection.3.4.2}{3.4.2 Penentuan Classifier Kedua}{section.3.4}% 47
\BOOKMARK [0][-]{chapter.4}{4 Implementasi}{}% 48
\BOOKMARK [1][-]{section.4.1}{4.1 Ekstraksi Teks}{chapter.4}% 49
\BOOKMARK [1][-]{section.4.2}{4.2 Pemisahan kalimat}{chapter.4}% 50
\BOOKMARK [1][-]{section.4.3}{4.3 Pemodelan Word Embedding}{chapter.4}% 51
\BOOKMARK [1][-]{section.4.4}{4.4 Pembentukan T dan H}{chapter.4}% 52
\BOOKMARK [1][-]{section.4.5}{4.5 Ekstraksi Fitur}{chapter.4}% 53
\BOOKMARK [2][-]{subsection.4.5.1}{4.5.1 Ekstraksi Fitur View Pertama}{section.4.5}% 54
\BOOKMARK [2][-]{subsection.4.5.2}{4.5.2 Ekstraksi Fitur View Kedua}{section.4.5}% 55
\BOOKMARK [1][-]{section.4.6}{4.6 Co-training}{chapter.4}% 56
\BOOKMARK [0][-]{chapter.5}{5 Evaluasi dan Analisis Hasil}{}% 57
\BOOKMARK [1][-]{section.5.1}{5.1 Pengumpulan Data}{chapter.5}% 58
\BOOKMARK [1][-]{section.5.2}{5.2 Hasil Pengolahan Data}{chapter.5}% 59
\BOOKMARK [1][-]{section.5.3}{5.3 Hasil Anotasi Manual}{chapter.5}% 60
\BOOKMARK [1][-]{section.5.4}{5.4 Pengujian Arsitektur RNN}{chapter.5}% 61
\BOOKMARK [1][-]{section.5.5}{5.5 Pemilihan Fitur View Kedua}{chapter.5}% 62
\BOOKMARK [1][-]{section.5.6}{5.6 Pengujian Classifier View Kedua}{chapter.5}% 63
\BOOKMARK [1][-]{section.5.7}{5.7 Co-training}{chapter.5}% 64
\BOOKMARK [2][-]{subsection.5.7.1}{5.7.1 Hasil Co-training}{section.5.7}% 65
\BOOKMARK [2][-]{subsection.5.7.2}{5.7.2 Evaluasi Co-training}{section.5.7}% 66
\BOOKMARK [2][-]{subsection.5.7.3}{5.7.3 Analisis Co-training}{section.5.7}% 67
\BOOKMARK [0][-]{chapter.6}{6 Penutup}{}% 68
\BOOKMARK [1][-]{section.6.1}{6.1 Kesimpulan}{chapter.6}% 69
\BOOKMARK [1][-]{section.6.2}{6.2 Saran}{chapter.6}% 70
\BOOKMARK [0][-]{chapter*.61}{Daftar Referensi}{}% 71
